<?xml version="1.0" encoding="UTF-8"?>
<!-- Generated by org.testng.reporters.JUnitXMLReporter -->
<testsuite ignored="2" hostname="LAPTOP-JJREQC12" failures="0" tests="1" name="Default test" time="9.59" errors="0" timestamp="2026-02-09T21:01:51 ICT">
  <testcase classname="Railway.BookTicket" name="TC14" time="7.722"/>
  <testcase classname="Railway.BookTicket" name="TC13" time="0.0">
    <ignored/>
  </testcase> <!-- TC13 -->
  <testcase classname="Railway.BookTicket" name="TC12" time="0.0">
    <ignored/>
  </testcase> <!-- TC12 -->
</testsuite> <!-- Default test -->
