<?xml version="1.0" encoding="UTF-8"?>
<!-- Generated by org.testng.reporters.JUnitXMLReporter -->
<testsuite ignored="8" hostname="LAPTOP-JJREQC12" failures="0" tests="1" name="Default test" time="18.769" errors="0" timestamp="2026-02-06T16:21:15 ICT">
  <testcase classname="Railway.CreateAccount" name="TC12" time="4.934"/>
  <testcase classname="Railway.LoginTest" name="TC03" time="0.0">
    <ignored/>
  </testcase> <!-- TC03 -->
  <testcase classname="Railway.CreateAccount" name="TC07" time="0.0">
    <ignored/>
  </testcase> <!-- TC07 -->
  <testcase classname="Railway.CreateAccount" name="TC08" time="0.0">
    <ignored/>
  </testcase> <!-- TC08 -->
  <testcase classname="Railway.CreateAccount" name="TC09" time="0.0">
    <ignored/>
  </testcase> <!-- TC09 -->
  <testcase classname="Railway.LoginTest" name="TC02" time="0.0">
    <ignored/>
  </testcase> <!-- TC02 -->
  <testcase classname="Railway.LoginTest" name="TC01" time="0.0">
    <ignored/>
  </testcase> <!-- TC01 -->
  <testcase classname="Railway.LoginTest" name="TC04" time="0.0">
    <ignored/>
  </testcase> <!-- TC04 -->
  <testcase classname="Railway.LoginTest" name="TC05" time="0.0">
    <ignored/>
  </testcase> <!-- TC05 -->
</testsuite> <!-- Default test -->
