<?xml version="1.0" encoding="UTF-8"?>
<!-- Generated by org.testng.reporters.JUnitXMLReporter -->
<testsuite ignored="0" hostname="LAPTOP-JJREQC12" failures="5" tests="8" name="Test" time="143.937" errors="0" timestamp="2026-02-10T16:12:58 ICT">
  <testcase classname="Railway.CreateAccount" name="TC07" time="7.693"/>
  <testcase classname="Railway.CreateAccount" name="TC08" time="5.136">
    <failure type="java.lang.AssertionError" message="Password error message is not display correctly expected [Invalid password length.] but found [Invalid password length]">
      <![CDATA[java.lang.AssertionError: Password error message is not display correctly expected [Invalid password length.] but found [Invalid password length]
at Railway.CreateAccount.TC08(CreateAccount.java:66)
at java.base/java.util.ArrayList.forEach(ArrayList.java:1541)
... Removed 32 stack frames]]>
    </failure>
  </testcase> <!-- TC08 -->
  <testcase classname="Railway.CreateAccount" name="TC09" time="81.099">
    <failure type="org.openqa.selenium.TimeoutException" message="Expected condition failed: waiting for Railway.GruerrillaMailPage$$Lambda$661/0x0000000100394440@7f572c37
(tried for 60 seconds with 500 milliseconds interval)
Build info: version: &amp;apos;4.40.0&amp;apos;, revision: &amp;apos;b3333f1&amp;apos;
System info: os.name: &amp;apos;Windows 11&amp;apos;, os.arch: &amp;apos;amd64&amp;apos;, os.version: &amp;apos;10.0&amp;apos;, java.version: &amp;apos;11.0.16.1&amp;apos;
Driver info: org.openqa.selenium.chrome.ChromeDriver
Capabilities {acceptInsecureCerts: false, browserName: chrome, browserVersion: 144.0.7559.133, chrome: {chromedriverVersion: 144.0.7559.133 (7da823b1d59..., userDataDir: C:\Users\LENOVO\AppData\Loc...}, fedcm:accounts: true, goog:chromeOptions: {debuggerAddress: localhost:62304}, goog:processID: 11524, networkConnectionEnabled: false, pageLoadStrategy: normal, platformName: windows, proxy: Proxy(), se:cdp: ws://localhost:62304/devtoo..., se:cdpVersion: 144.0.7559.133, setWindowRect: true, strictFileInteractability: false, timeouts: {implicit: 0, pageLoad: 300000, script: 30000}, unhandledPromptBehavior: dismiss and notify, webauthn:extension:credBlob: true, webauthn:extension:largeBlob: true, webauthn:extension:minPinLength: true, webauthn:extension:prf: true, webauthn:virtualAuthenticators: true}
Session ID: 16b127ffa8aab24e4ed51aad5405e406">
      <![CDATA[org.openqa.selenium.TimeoutException: Expected condition failed: waiting for Railway.GruerrillaMailPage$$Lambda$661/0x0000000100394440@7f572c37
(tried for 60 seconds with 500 milliseconds interval)
Build info: version: '4.40.0', revision: 'b3333f1'
System info: os.name: 'Windows 11', os.arch: 'amd64', os.version: '10.0', java.version: '11.0.16.1'
Driver info: org.openqa.selenium.chrome.ChromeDriver
Capabilities {acceptInsecureCerts: false, browserName: chrome, browserVersion: 144.0.7559.133, chrome: {chromedriverVersion: 144.0.7559.133 (7da823b1d59..., userDataDir: C:\Users\LENOVO\AppData\Loc...}, fedcm:accounts: true, goog:chromeOptions: {debuggerAddress: localhost:62304}, goog:processID: 11524, networkConnectionEnabled: false, pageLoadStrategy: normal, platformName: windows, proxy: Proxy(), se:cdp: ws://localhost:62304/devtoo..., se:cdpVersion: 144.0.7559.133, setWindowRect: true, strictFileInteractability: false, timeouts: {implicit: 0, pageLoad: 300000, script: 30000}, unhandledPromptBehavior: dismiss and notify, webauthn:extension:credBlob: true, webauthn:extension:largeBlob: true, webauthn:extension:minPinLength: true, webauthn:extension:prf: true, webauthn:virtualAuthenticators: true}
Session ID: 16b127ffa8aab24e4ed51aad5405e406
at org.openqa.selenium.support.ui.WebDriverWait.timeoutException(WebDriverWait.java:84)
at org.openqa.selenium.support.ui.FluentWait.until(FluentWait.java:231)
at Railway.GruerrillaMailPage.waitForEmail(GruerrillaMailPage.java:94)
at Railway.GruerrillaMailPage.activeEmail(GruerrillaMailPage.java:62)
at Railway.CreateAccount.TC09(CreateAccount.java:118)
at java.base/java.util.ArrayList.forEach(ArrayList.java:1541)
... Removed 27 stack frames]]>
    </failure>
  </testcase> <!-- TC09 -->
  <testcase classname="Railway.LoginTest" name="TC01" time="14.376">
    <failure type="org.openqa.selenium.TimeoutException" message="Expected condition failed: waiting for element found by By.xpath: //div[@class=&amp;apos;account&amp;apos;]//child::strong to be clickable, but the element was not visible.
(tried for 5 seconds with 500 milliseconds interval)
Build info: version: &amp;apos;4.40.0&amp;apos;, revision: &amp;apos;b3333f1&amp;apos;
System info: os.name: &amp;apos;Windows 11&amp;apos;, os.arch: &amp;apos;amd64&amp;apos;, os.version: &amp;apos;10.0&amp;apos;, java.version: &amp;apos;11.0.16.1&amp;apos;
Driver info: org.openqa.selenium.chrome.ChromeDriver
Capabilities {acceptInsecureCerts: false, browserName: chrome, browserVersion: 144.0.7559.133, chrome: {chromedriverVersion: 144.0.7559.133 (7da823b1d59..., userDataDir: C:\Users\LENOVO\AppData\Loc...}, fedcm:accounts: true, goog:chromeOptions: {debuggerAddress: localhost:51705}, goog:processID: 28452, networkConnectionEnabled: false, pageLoadStrategy: normal, platformName: windows, proxy: Proxy(), se:cdp: ws://localhost:51705/devtoo..., se:cdpVersion: 144.0.7559.133, setWindowRect: true, strictFileInteractability: false, timeouts: {implicit: 0, pageLoad: 300000, script: 30000}, unhandledPromptBehavior: dismiss and notify, webauthn:extension:credBlob: true, webauthn:extension:largeBlob: true, webauthn:extension:minPinLength: true, webauthn:extension:prf: true, webauthn:virtualAuthenticators: true}
Session ID: eb06708db9ab882bb59222dea6660a06">
      <![CDATA[org.openqa.selenium.TimeoutException: Expected condition failed: waiting for element found by By.xpath: //div[@class='account']//child::strong to be clickable, but the element was not visible.
(tried for 5 seconds with 500 milliseconds interval)
Build info: version: '4.40.0', revision: 'b3333f1'
System info: os.name: 'Windows 11', os.arch: 'amd64', os.version: '10.0', java.version: '11.0.16.1'
Driver info: org.openqa.selenium.chrome.ChromeDriver
Capabilities {acceptInsecureCerts: false, browserName: chrome, browserVersion: 144.0.7559.133, chrome: {chromedriverVersion: 144.0.7559.133 (7da823b1d59..., userDataDir: C:\Users\LENOVO\AppData\Loc...}, fedcm:accounts: true, goog:chromeOptions: {debuggerAddress: localhost:51705}, goog:processID: 28452, networkConnectionEnabled: false, pageLoadStrategy: normal, platformName: windows, proxy: Proxy(), se:cdp: ws://localhost:51705/devtoo..., se:cdpVersion: 144.0.7559.133, setWindowRect: true, strictFileInteractability: false, timeouts: {implicit: 0, pageLoad: 300000, script: 30000}, unhandledPromptBehavior: dismiss and notify, webauthn:extension:credBlob: true, webauthn:extension:largeBlob: true, webauthn:extension:minPinLength: true, webauthn:extension:prf: true, webauthn:virtualAuthenticators: true}
Session ID: eb06708db9ab882bb59222dea6660a06
at org.openqa.selenium.support.ui.WebDriverWait.timeoutException(WebDriverWait.java:84)
at org.openqa.selenium.support.ui.FluentWait.until(FluentWait.java:231)
at Common.Utilities.waitForElementClickable(Utilities.java:30)
at Common.Utilities.waitForElementClickable(Utilities.java:34)
at Railway.GeneralPage.getlblWelcomeMessage(GeneralPage.java:37)
at Railway.GeneralPage.getWelcomeMessage(GeneralPage.java:42)
at Railway.LoginTest.TC01(LoginTest.java:29)
at java.base/java.util.ArrayList.forEach(ArrayList.java:1541)
... Removed 27 stack frames]]>
    </failure>
  </testcase> <!-- TC01 -->
  <testcase classname="Railway.LoginTest" name="TC02" time="3.88"/>
  <testcase classname="Railway.LoginTest" name="TC03" time="6.152">
    <failure type="java.lang.AssertionError" message="Invalid message is not display correctly expected [There was a problem with your login and/or errors exist in your form.] but found [Invalid username or password. Please try again.]">
      <![CDATA[java.lang.AssertionError: Invalid message is not display correctly expected [There was a problem with your login and/or errors exist in your form.] but found [Invalid username or password. Please try again.]
at Railway.LoginTest.TC03(LoginTest.java:81)
at java.base/java.util.ArrayList.forEach(ArrayList.java:1541)
... Removed 32 stack frames]]>
    </failure>
  </testcase> <!-- TC03 -->
  <testcase classname="Railway.LoginTest" name="TC04" time="10.69">
    <failure type="java.lang.AssertionError" message="Warning message for many attemps login is not displayed correctly expected [You have used 4 out of 5 login attempts. After all 5 have been used, you will be unable to login for 15 minutes.] but found [Invalid username or password. Please try again.]">
      <![CDATA[java.lang.AssertionError: Warning message for many attemps login is not displayed correctly expected [You have used 4 out of 5 login attempts. After all 5 have been used, you will be unable to login for 15 minutes.] but found [Invalid username or password. Please try again.]
at Railway.LoginTest.TC04(LoginTest.java:119)
at java.base/java.util.ArrayList.forEach(ArrayList.java:1541)
... Removed 32 stack frames]]>
    </failure>
  </testcase> <!-- TC04 -->
  <testcase classname="Railway.LoginTest" name="TC05" time="4.008"/>
</testsuite> <!-- Test -->
