<?xml version="1.0" encoding="UTF-8"?>
<testng-results ignored="8" total="9" passed="1" failed="0" skipped="0">
  <reporter-output>
  </reporter-output>
  <suite started-at="2026-02-06T16:20:57 ICT" name="Default suite" finished-at="2026-02-06T16:21:15 ICT" duration-ms="18769">
    <groups>
    </groups>
    <test started-at="2026-02-06T16:20:57 ICT" name="Default test" finished-at="2026-02-06T16:21:15 ICT" duration-ms="18769">
      <class name="Railway.CreateAccount">
        <test-method is-config="true" signature="beforeMethod()[pri:0, instance:Railway.CreateAccount@5b218417]" started-at="2026-02-06T16:20:57 ICT" name="beforeMethod" finished-at="2026-02-06T16:21:10 ICT" duration-ms="13544" status="PASS">
          <reporter-output>
          </reporter-output>
        </test-method> <!-- beforeMethod -->
        <test-method signature="TC12()[pri:0, instance:Railway.CreateAccount@5b218417]" started-at="2026-02-06T16:21:10 ICT" name="TC12" finished-at="2026-02-06T16:21:15 ICT" duration-ms="4934" status="PASS">
          <reporter-output>
          </reporter-output>
        </test-method> <!-- TC12 -->
        <test-method is-config="true" signature="afterMethod()[pri:0, instance:Railway.CreateAccount@5b218417]" started-at="2026-02-06T16:21:15 ICT" name="afterMethod" finished-at="2026-02-06T16:21:15 ICT" duration-ms="235" status="PASS">
          <reporter-output>
          </reporter-output>
        </test-method> <!-- afterMethod -->
      </class> <!-- Railway.CreateAccount -->
    </test> <!-- Default test -->
  </suite> <!-- Default suite -->
</testng-results>
