<?xml version="1.0" encoding="UTF-8"?>
<testng-results ignored="7" total="8" passed="1" failed="0" skipped="0">
  <reporter-output>
  </reporter-output>
  <suite started-at="2026-02-06T09:19:16 ICT" name="Default suite" finished-at="2026-02-06T09:19:25 ICT" duration-ms="8667">
    <groups>
    </groups>
    <test started-at="2026-02-06T09:19:16 ICT" name="Default test" finished-at="2026-02-06T09:19:25 ICT" duration-ms="8667">
      <class name="Railway.CreateAccount">
        <test-method is-config="true" signature="beforeMethod()[pri:0, instance:Railway.CreateAccount@cc43f62]" started-at="2026-02-06T09:19:16 ICT" name="beforeMethod" finished-at="2026-02-06T09:19:20 ICT" duration-ms="3864" status="PASS">
          <reporter-output>
          </reporter-output>
        </test-method> <!-- beforeMethod -->
        <test-method signature="TC07()[pri:0, instance:Railway.CreateAccount@cc43f62]" started-at="2026-02-06T09:19:20 ICT" name="TC07" finished-at="2026-02-06T09:19:24 ICT" duration-ms="4518" status="PASS">
          <reporter-output>
          </reporter-output>
        </test-method> <!-- TC07 -->
        <test-method is-config="true" signature="afterMethod()[pri:0, instance:Railway.CreateAccount@cc43f62]" started-at="2026-02-06T09:19:24 ICT" name="afterMethod" finished-at="2026-02-06T09:19:25 ICT" duration-ms="228" status="PASS">
          <reporter-output>
          </reporter-output>
        </test-method> <!-- afterMethod -->
      </class> <!-- Railway.CreateAccount -->
    </test> <!-- Default test -->
  </suite> <!-- Default suite -->
</testng-results>
