<?xml version="1.0" encoding="UTF-8"?>
<testng-results ignored="2" total="3" passed="1" failed="0" skipped="0">
  <reporter-output>
  </reporter-output>
  <suite started-at="2026-02-09T21:01:41 ICT" name="Default suite" finished-at="2026-02-09T21:01:51 ICT" duration-ms="9590">
    <groups>
    </groups>
    <test started-at="2026-02-09T21:01:41 ICT" name="Default test" finished-at="2026-02-09T21:01:51 ICT" duration-ms="9590">
      <class name="Railway.BookTicket">
        <test-method is-config="true" signature="beforeMethod()[pri:0, instance:Railway.BookTicket@606e4010]" started-at="2026-02-09T21:01:41 ICT" name="beforeMethod" finished-at="2026-02-09T21:01:43 ICT" duration-ms="1578" status="PASS">
          <reporter-output>
          </reporter-output>
        </test-method> <!-- beforeMethod -->
        <test-method signature="TC14()[pri:0, instance:Railway.BookTicket@606e4010]" started-at="2026-02-09T21:01:43 ICT" name="TC14" finished-at="2026-02-09T21:01:51 ICT" duration-ms="7722" status="PASS">
          <reporter-output>
          </reporter-output>
        </test-method> <!-- TC14 -->
        <test-method is-config="true" signature="afterMethod()[pri:0, instance:Railway.BookTicket@606e4010]" started-at="2026-02-09T21:01:51 ICT" name="afterMethod" finished-at="2026-02-09T21:01:51 ICT" duration-ms="233" status="PASS">
          <reporter-output>
          </reporter-output>
        </test-method> <!-- afterMethod -->
      </class> <!-- Railway.BookTicket -->
    </test> <!-- Default test -->
  </suite> <!-- Default suite -->
</testng-results>
