<?xml version="1.0" encoding="UTF-8"?>
<testng-results ignored="0" total="1" passed="1" failed="0" skipped="0">
  <reporter-output>
  </reporter-output>
  <suite started-at="2026-02-08T23:46:18 ICT" name="Default suite" finished-at="2026-02-08T23:46:51 ICT" duration-ms="33499">
    <groups>
    </groups>
    <test started-at="2026-02-08T23:46:18 ICT" name="Default test" finished-at="2026-02-08T23:46:51 ICT" duration-ms="33499">
      <class name="Railway.BookTicket">
        <test-method is-config="true" signature="beforeMethod()[pri:0, instance:Railway.BookTicket@909217e]" started-at="2026-02-08T23:46:18 ICT" name="beforeMethod" finished-at="2026-02-08T23:46:20 ICT" duration-ms="2461" status="PASS">
          <reporter-output>
          </reporter-output>
        </test-method> <!-- beforeMethod -->
        <test-method signature="TC12()[pri:0, instance:Railway.BookTicket@909217e]" started-at="2026-02-08T23:46:20 ICT" name="TC12" finished-at="2026-02-08T23:46:51 ICT" duration-ms="30624" status="PASS">
          <reporter-output>
          </reporter-output>
        </test-method> <!-- TC12 -->
        <test-method is-config="true" signature="afterMethod()[pri:0, instance:Railway.BookTicket@909217e]" started-at="2026-02-08T23:46:51 ICT" name="afterMethod" finished-at="2026-02-08T23:46:51 ICT" duration-ms="346" status="PASS">
          <reporter-output>
          </reporter-output>
        </test-method> <!-- afterMethod -->
      </class> <!-- Railway.BookTicket -->
    </test> <!-- Default test -->
  </suite> <!-- Default suite -->
</testng-results>
